<?xml version="1.0" encoding="UTF-8"?>
<!-- Generated by org.testng.reporters.JUnitReportReporter -->
<testsuite hostname="LAPTOP-887858MF" failures="0" tests="1" name="testCases.TC001_AccountRegistrationTest" time="9.197" errors="0" timestamp="2025-07-28T23:08:54 IST" skipped="0">
  <testcase classname="testCases.TC001_AccountRegistrationTest" name="verify_account_registration" time="9.197"/>
</testsuite> <!-- testCases.TC001_AccountRegistrationTest -->
