<?xml version="1.0" encoding="UTF-8"?>
<!-- Generated by org.testng.reporters.JUnitReportReporter -->
<testsuite hostname="LAPTOP-887858MF" failures="0" tests="1" name="testCases.TC002_LoginTest" time="9.425" errors="0" timestamp="2025-08-01T23:26:44 IST" skipped="0">
  <testcase classname="testCases.TC002_LoginTest" name="verify_login" time="9.425"/>
</testsuite> <!-- testCases.TC002_LoginTest -->
