<?xml version="1.0" encoding="UTF-8"?>
<!-- Generated by org.testng.reporters.JUnitReportReporter -->
<testsuite hostname="LAPTOP-887858MF" failures="0" tests="1" name="testCases.TC001_AccountRegistrationTest" time="13.290" errors="0" timestamp="2025-08-01T23:26:44 IST" skipped="0">
  <testcase classname="testCases.TC001_AccountRegistrationTest" name="verify_account_registration" time="13.290"/>
</testsuite> <!-- testCases.TC001_AccountRegistrationTest -->
